2025-10-30 16:34:08 [INFO] root: ============================================================
2025-10-30 16:34:08 [INFO] root: 日誌系統啟動 - 模式: RECEIVE
2025-10-30 16:34:08 [INFO] root: 日誌檔案: /home/jacklibra/test/logs/traffic_control.log
2025-10-30 16:34:08 [INFO] root: ============================================================
2025-10-30 16:34:08 [INFO] network.transport: UDP Socket 已開啟: 0.0.0.0:5000
2025-10-30 16:34:08 [INFO] __main__: ==================================================
2025-10-30 16:34:08 [INFO] __main__: 開始監聽號誌控制器（UDP 5000）
2025-10-30 16:34:08 [INFO] __main__: ==================================================
2025-10-30 16:34:39 [INFO] root: ============================================================
2025-10-30 16:34:39 [INFO] root: 日誌系統啟動 - 模式: COMMAND
2025-10-30 16:34:39 [INFO] root: 日誌檔案: /home/jacklibra/test/logs/traffic_control.log
2025-10-30 16:34:39 [INFO] root: ============================================================
2025-10-30 18:02:01 [INFO] root: ============================================================
2025-10-30 18:02:01 [INFO] root: 日誌系統啟動 - 模式: RECEIVE
2025-10-30 18:02:01 [INFO] root: 日誌檔案: /home/jacklibra/test/logs/traffic_control.log
2025-10-30 18:02:01 [INFO] root: ============================================================
2025-10-30 18:02:01 [INFO] network.transport: UDP Socket 已開啟: 0.0.0.0:5000
2025-10-30 18:02:01 [INFO] __main__: ==================================================
2025-10-30 18:02:01 [INFO] __main__: 開始監聽號誌控制器（UDP 5000）
2025-10-30 18:02:01 [INFO] __main__: ==================================================
2025-10-30 18:14:25 [INFO] root: ============================================================
2025-10-30 18:14:25 [INFO] root: 日誌系統啟動 - 模式: RECEIVE
2025-10-30 18:14:25 [INFO] root: 日誌檔案: /home/jacklibra/test/logs/traffic_control.log
2025-10-30 18:14:25 [INFO] root: ============================================================
2025-10-30 18:14:25 [ERROR] network.transport: 開啟 Socket 失敗: [Errno 99] Cannot assign requested address
2025-10-30 18:14:25 [ERROR] __main__: 無法開啟傳輸層
